{
  "stats": {
    "suites": 7,
    "tests": 15,
    "passes": 12,
    "pending": 0,
    "failures": 3,
    "testsRegistered": 15,
    "passPercent": 80,
    "pendingPercent": 0,
    "other": 0,
    "hasOther": false,
    "skipped": 0,
    "hasSkipped": false,
    "start": "2024-09-05T07:25:57.589Z",
    "end": "2024-09-05T07:27:24.691Z",
    "duration": 87102
  },
  "results": [
    {
      "uuid": "0c9b0232-26f3-4f16-bf3f-3c6afcaa243e",
      "title": "",
      "fullFile": "cypress\\tests\\DemoBlazeTest\\End2End_OrderProduct.js",
      "file": "cypress\\tests\\DemoBlazeTest\\End2End_OrderProduct.js",
      "beforeHooks": [],
      "afterHooks": [],
      "tests": [],
      "suites": [
        {
          "uuid": "16974205-e0c0-4f65-bc82-bd7506cf0110",
          "title": "Order product test",
          "fullFile": "",
          "file": "",
          "beforeHooks": [],
          "afterHooks": [],
          "tests": [
            {
              "title": "Order item as guest",
              "fullTitle": "Order product test Order item as guest",
              "timedOut": null,
              "duration": 18281,
              "state": "failed",
              "speed": null,
              "pass": false,
              "fail": true,
              "pending": false,
              "context": null,
              "code": "purchaseItem();",
              "err": {
                "message": "AssertionError: Timed out retrying after 10000ms: expected '<p.lead.text-muted.>' to contain text '790', but the text was 'Id: 8510279Amount: 0 USDCard Number: 123123Name: tunDate: 5/8/2024'",
                "estack": "AssertionError: Timed out retrying after 10000ms: expected '<p.lead.text-muted.>' to contain text '790', but the text was 'Id: 8510279Amount: 0 USDCard Number: 123123Name: tunDate: 5/8/2024'\n    at Context.eval (webpack://cypress_project/./cypress/tests/DemoBlazeTest/End2End_OrderProduct.js:59:27)",
                "diff": "- 'Id: 8510279Amount: 0 USDCard Number: 123123Name: tunDate: 5/8/2024'\n+ '790'\n"
              },
              "uuid": "50121ecf-e888-4e8b-af61-7c51a68a0129",
              "parentUUID": "16974205-e0c0-4f65-bc82-bd7506cf0110",
              "isHook": false,
              "skipped": false
            },
            {
              "title": "Order item as logged user",
              "fullTitle": "Order product test Order item as logged user",
              "timedOut": null,
              "duration": 8146,
              "state": "failed",
              "speed": null,
              "pass": false,
              "fail": true,
              "pending": false,
              "context": null,
              "code": "//Login\ncy.login(LOGIN_ACCOUNT.username, LOGIN_ACCOUNT.password);\npurchaseItem();",
              "err": {
                "message": "CypressError: Timed out retrying after 5000ms: `cy.wait()` timed out waiting `5000ms` for the 1st request to the route: `entries`. No request ever occurred.\n\nhttps://on.cypress.io/wait",
                "estack": "CypressError: Timed out retrying after 5000ms: `cy.wait()` timed out waiting `5000ms` for the 1st request to the route: `entries`. No request ever occurred.\n\nhttps://on.cypress.io/wait\n    at cypressErr (https://www.demoblaze.com/__cypress/runner/cypress_runner.js:76025:18)\n    at Object.errByPath (https://www.demoblaze.com/__cypress/runner/cypress_runner.js:76079:10)\n    at checkForXhr (https://www.demoblaze.com/__cypress/runner/cypress_runner.js:135700:84)\n    at <unknown> (https://www.demoblaze.com/__cypress/runner/cypress_runner.js:135726:28)\n    at tryCatcher (https://www.demoblaze.com/__cypress/runner/cypress_runner.js:1807:23)\n    at Promise.attempt.Promise.try (https://www.demoblaze.com/__cypress/runner/cypress_runner.js:4315:29)\n    at whenStable (https://www.demoblaze.com/__cypress/runner/cypress_runner.js:144102:68)\n    at <unknown> (https://www.demoblaze.com/__cypress/runner/cypress_runner.js:144043:14)\n    at tryCatcher (https://www.demoblaze.com/__cypress/runner/cypress_runner.js:1807:23)\n    at Promise._settlePromiseFromHandler (https://www.demoblaze.com/__cypress/runner/cypress_runner.js:1519:31)\n    at Promise._settlePromise (https://www.demoblaze.com/__cypress/runner/cypress_runner.js:1576:18)\n    at Promise._settlePromise0 (https://www.demoblaze.com/__cypress/runner/cypress_runner.js:1621:10)\n    at Promise._settlePromises (https://www.demoblaze.com/__cypress/runner/cypress_runner.js:1701:18)\n    at Promise._fulfill (https://www.demoblaze.com/__cypress/runner/cypress_runner.js:1645:18)\n    at <unknown> (https://www.demoblaze.com/__cypress/runner/cypress_runner.js:5450:46)\nFrom Your Spec Code:\n    at HomePageAPI.waitForEntriesRequest (webpack://cypress_project/./cypress/support/HomePageAPI.js:15:11)\n    at HomePageAPI.waitForHomePageLoad (webpack://cypress_project/./cypress/support/HomePageAPI.js:10:13)\n    at HomePageAPI.getHomePageProducts (webpack://cypress_project/./cypress/support/HomePageAPI.js:3:13)\n    at purchaseItem (webpack://cypress_project/./cypress/tests/DemoBlazeTest/End2End_OrderProduct.js:28:16)\n    at Context.eval (webpack://cypress_project/./cypress/tests/DemoBlazeTest/End2End_OrderProduct.js:22:8)",
                "diff": null
              },
              "uuid": "f6e46d38-1392-4ab3-87c2-cd99210a877b",
              "parentUUID": "16974205-e0c0-4f65-bc82-bd7506cf0110",
              "isHook": false,
              "skipped": false
            }
          ],
          "suites": [],
          "passes": [],
          "failures": [
            "50121ecf-e888-4e8b-af61-7c51a68a0129",
            "f6e46d38-1392-4ab3-87c2-cd99210a877b"
          ],
          "pending": [],
          "skipped": [],
          "duration": 26427,
          "root": false,
          "rootEmpty": false,
          "_timeout": 2000
        }
      ],
      "passes": [],
      "failures": [],
      "pending": [],
      "skipped": [],
      "duration": 0,
      "root": true,
      "rootEmpty": true,
      "_timeout": 2000
    },
    {
      "uuid": "b2b1fc90-bb55-4b78-a06d-54dd28f88c4d",
      "title": "",
      "fullFile": "cypress\\tests\\DemoBlazeTest\\FooterTest.js",
      "file": "cypress\\tests\\DemoBlazeTest\\FooterTest.js",
      "beforeHooks": [],
      "afterHooks": [],
      "tests": [],
      "suites": [
        {
          "uuid": "fbc39d94-aeda-4832-bb6f-9114673e12bc",
          "title": "Footer Component test",
          "fullFile": "",
          "file": "",
          "beforeHooks": [],
          "afterHooks": [],
          "tests": [
            {
              "title": "Test for Contact Us footer",
              "fullTitle": "Footer Component test Test for Contact Us footer",
              "timedOut": null,
              "duration": 1428,
              "state": "passed",
              "speed": "fast",
              "pass": true,
              "fail": false,
              "pending": false,
              "context": null,
              "code": "footerComp.getContactUsData().then($actualData => {\n  cy.log('Contact Us Data:', $actualData);\n  // cy.wrap('').then(()=> {\n  //     expect($actualData).to.equal(expectedResult)\n  // });\n});",
              "err": {},
              "uuid": "2770e90f-4147-4476-a153-88f1fd7b6d10",
              "parentUUID": "fbc39d94-aeda-4832-bb6f-9114673e12bc",
              "isHook": false,
              "skipped": false
            }
          ],
          "suites": [],
          "passes": [
            "2770e90f-4147-4476-a153-88f1fd7b6d10"
          ],
          "failures": [],
          "pending": [],
          "skipped": [],
          "duration": 1428,
          "root": false,
          "rootEmpty": false,
          "_timeout": 2000
        }
      ],
      "passes": [],
      "failures": [],
      "pending": [],
      "skipped": [],
      "duration": 0,
      "root": true,
      "rootEmpty": true,
      "_timeout": 2000
    },
    {
      "uuid": "88233364-6c46-490e-831f-092ec3759d97",
      "title": "",
      "fullFile": "cypress\\tests\\DemoBlazeTest\\HeaderTest.js",
      "file": "cypress\\tests\\DemoBlazeTest\\HeaderTest.js",
      "beforeHooks": [],
      "afterHooks": [],
      "tests": [],
      "suites": [
        {
          "uuid": "2a6e6de1-fb61-4ffd-b26f-c76d2d3fc908",
          "title": "Header Component test",
          "fullFile": "",
          "file": "",
          "beforeHooks": [],
          "afterHooks": [],
          "tests": [
            {
              "title": "Test for brand logo",
              "fullTitle": "Header Component test Test for brand logo",
              "timedOut": null,
              "duration": 1258,
              "state": "passed",
              "speed": "fast",
              "pass": true,
              "fail": false,
              "pending": false,
              "context": null,
              "code": "header.brandLogo().should('be.visible');\nheader.brandLogo().should('contain.text', BRAND_TEXT);",
              "err": {},
              "uuid": "bb68172d-8648-40fb-8d73-2e5dec9a610b",
              "parentUUID": "2a6e6de1-fb61-4ffd-b26f-c76d2d3fc908",
              "isHook": false,
              "skipped": false
            },
            {
              "title": "Test for header menu",
              "fullTitle": "Header Component test Test for header menu",
              "timedOut": null,
              "duration": 441,
              "state": "passed",
              "speed": "fast",
              "pass": true,
              "fail": false,
              "pending": false,
              "context": null,
              "code": "// const expectedResult = [{\n//     \"text\":\"Home (current)\",\"href\":\"index.html\"},\n//     {\"text\":\"Contact\",\"href\":\"#\"},\n//     {\"text\":\"About us\",\"href\":\"#\"},\n//     {\"text\":\"Cart\",\"href\":\"cart.html\"},\n//     {\"text\":\"Log in\",\"href\":\"#\"},\n//     {\"text\":\"Sign up\",\"href\":\"#\"}]\nheader.getMenuDetail().then($actualResult => {\n  cy.wrap('').then(() => {\n    expect($actualResult).to.be.deep.equal(_nav_bar.default);\n  });\n});",
              "err": {},
              "uuid": "65896ae7-466b-4ced-a412-1604fac431bc",
              "parentUUID": "2a6e6de1-fb61-4ffd-b26f-c76d2d3fc908",
              "isHook": false,
              "skipped": false
            }
          ],
          "suites": [],
          "passes": [
            "bb68172d-8648-40fb-8d73-2e5dec9a610b",
            "65896ae7-466b-4ced-a412-1604fac431bc"
          ],
          "failures": [],
          "pending": [],
          "skipped": [],
          "duration": 1699,
          "root": false,
          "rootEmpty": false,
          "_timeout": 2000
        }
      ],
      "passes": [],
      "failures": [],
      "pending": [],
      "skipped": [],
      "duration": 0,
      "root": true,
      "rootEmpty": true,
      "_timeout": 2000
    },
    {
      "uuid": "db1b767d-6db5-40ac-8084-152cabd29b4e",
      "title": "",
      "fullFile": "cypress\\tests\\DemoBlazeTest\\LoginTest.js",
      "file": "cypress\\tests\\DemoBlazeTest\\LoginTest.js",
      "beforeHooks": [],
      "afterHooks": [],
      "tests": [],
      "suites": [
        {
          "uuid": "cc1051a9-003b-48ed-8d8e-85fce287a4be",
          "title": "Login test",
          "fullFile": "",
          "file": "",
          "beforeHooks": [],
          "afterHooks": [],
          "tests": [
            {
              "title": "Should be able to login with correct credential",
              "fullTitle": "Login test Should be able to login with correct credential",
              "timedOut": null,
              "duration": 4675,
              "state": "passed",
              "speed": "fast",
              "pass": true,
              "fail": false,
              "pending": false,
              "context": null,
              "code": "headerCmp.loginLink().click();\nloginCmp.getUsername().type(LOGIN_ACCOUNT.username, {\n  force: true,\n  waitForAnimation: true\n});\nloginCmp.getPassword().type(LOGIN_ACCOUNT.password, {\n  force: true,\n  waitForAnimation: true\n});\nloginCmp.getLoginBtn().click();\nheaderCmp.getLoggedUsername().should('be.visible');\nheaderCmp.getLoggedUsername().should('contain.text', `Welcome ${LOGIN_ACCOUNT.username}`);",
              "err": {},
              "uuid": "7d34c139-3bfd-403c-b17f-f564a4f0d379",
              "parentUUID": "cc1051a9-003b-48ed-8d8e-85fce287a4be",
              "isHook": false,
              "skipped": false
            },
            {
              "title": "Should be able to login fail with incorrect username",
              "fullTitle": "Login test Should be able to login fail with incorrect username",
              "timedOut": null,
              "duration": 759,
              "state": "passed",
              "speed": "fast",
              "pass": true,
              "fail": false,
              "pending": false,
              "context": null,
              "code": "headerCmp.loginLink().click();\nloginCmp.getUsername().type(LOGIN_ACCOUNT.username + '_WRONG', {\n  force: true,\n  waitForAnimation: true\n});\nloginCmp.getPassword().type(LOGIN_ACCOUNT.password, {\n  force: true,\n  waitForAnimation: true\n});\nloginCmp.getLoginBtn().click();\ncy.on('window:alert', alertText => {\n  expect(alertText).to.equal('User does not exist.');\n});",
              "err": {},
              "uuid": "ca2151d6-7ad8-4461-b527-44cd82f16cb7",
              "parentUUID": "cc1051a9-003b-48ed-8d8e-85fce287a4be",
              "isHook": false,
              "skipped": false
            },
            {
              "title": "Should be able to login fail with incorrect password",
              "fullTitle": "Login test Should be able to login fail with incorrect password",
              "timedOut": null,
              "duration": 1079,
              "state": "passed",
              "speed": "fast",
              "pass": true,
              "fail": false,
              "pending": false,
              "context": null,
              "code": "headerCmp.loginLink().click();\nloginCmp.getUsername().type(LOGIN_ACCOUNT.username, {\n  force: true,\n  waitForAnimation: true\n});\nloginCmp.getPassword().type(LOGIN_ACCOUNT.password + '_WRONG', {\n  force: true,\n  waitForAnimation: true\n});\nloginCmp.getLoginBtn().click();\ncy.on('window:alert', alertText => {\n  expect(alertText).to.equal('Wrong password.');\n});",
              "err": {},
              "uuid": "0a183f3a-9774-4395-b3ec-24f99111fa4a",
              "parentUUID": "cc1051a9-003b-48ed-8d8e-85fce287a4be",
              "isHook": false,
              "skipped": false
            }
          ],
          "suites": [],
          "passes": [
            "7d34c139-3bfd-403c-b17f-f564a4f0d379",
            "ca2151d6-7ad8-4461-b527-44cd82f16cb7",
            "0a183f3a-9774-4395-b3ec-24f99111fa4a"
          ],
          "failures": [],
          "pending": [],
          "skipped": [],
          "duration": 6513,
          "root": false,
          "rootEmpty": false,
          "_timeout": 2000
        }
      ],
      "passes": [],
      "failures": [],
      "pending": [],
      "skipped": [],
      "duration": 0,
      "root": true,
      "rootEmpty": true,
      "_timeout": 2000
    },
    {
      "uuid": "9615b528-c0a1-4cb9-8f13-f94755b49e0e",
      "title": "",
      "fullFile": "cypress\\tests\\DemoBlazeTest\\ProductDetailTest.js",
      "file": "cypress\\tests\\DemoBlazeTest\\ProductDetailTest.js",
      "beforeHooks": [],
      "afterHooks": [],
      "tests": [],
      "suites": [
        {
          "uuid": "350961ca-9a48-42fa-a7cb-4e6f674b8ee2",
          "title": "Product Detail Component test",
          "fullFile": "",
          "file": "",
          "beforeHooks": [],
          "afterHooks": [],
          "tests": [
            {
              "title": "Should be able to verify product details",
              "fullTitle": "Product Detail Component test Should be able to verify product details",
              "timedOut": null,
              "duration": 7508,
              "state": "failed",
              "speed": null,
              "pass": false,
              "fail": true,
              "pending": false,
              "context": null,
              "code": "_HomePageAPI.HomePageAPI.getHomePageProducts().then(hpAPIProducts => {\n  const randomProduct = hpAPIProducts[Math.floor(Math.random() * hpAPIProducts.length)];\n  cy.contains(randomProduct.title.trim().replace(\"\\n\", \"\")).click();\n  const productDetail = new _ProductDetailComponent.default();\n  productDetail.getProductImg().should('be.visible');\n  productDetail.getProductName().should(\"contains.text\", randomProduct.title);\n  productDetail.getProductPrice().should(\"contains.text\", `$${randomProduct.price}`);\n  productDetail.getProductDescription().should(\"not.be.empty\");\n});",
              "err": {
                "message": "CypressError: Timed out retrying after 5000ms: `cy.wait()` timed out waiting `5000ms` for the 1st request to the route: `entries`. No request ever occurred.\n\nhttps://on.cypress.io/wait",
                "estack": "CypressError: Timed out retrying after 5000ms: `cy.wait()` timed out waiting `5000ms` for the 1st request to the route: `entries`. No request ever occurred.\n\nhttps://on.cypress.io/wait\n    at cypressErr (https://www.demoblaze.com/__cypress/runner/cypress_runner.js:76025:18)\n    at Object.errByPath (https://www.demoblaze.com/__cypress/runner/cypress_runner.js:76079:10)\n    at checkForXhr (https://www.demoblaze.com/__cypress/runner/cypress_runner.js:135700:84)\n    at <unknown> (https://www.demoblaze.com/__cypress/runner/cypress_runner.js:135726:28)\n    at tryCatcher (https://www.demoblaze.com/__cypress/runner/cypress_runner.js:1807:23)\n    at Promise.attempt.Promise.try (https://www.demoblaze.com/__cypress/runner/cypress_runner.js:4315:29)\n    at whenStable (https://www.demoblaze.com/__cypress/runner/cypress_runner.js:144102:68)\n    at <unknown> (https://www.demoblaze.com/__cypress/runner/cypress_runner.js:144043:14)\n    at tryCatcher (https://www.demoblaze.com/__cypress/runner/cypress_runner.js:1807:23)\n    at Promise._settlePromiseFromHandler (https://www.demoblaze.com/__cypress/runner/cypress_runner.js:1519:31)\n    at Promise._settlePromise (https://www.demoblaze.com/__cypress/runner/cypress_runner.js:1576:18)\n    at Promise._settlePromise0 (https://www.demoblaze.com/__cypress/runner/cypress_runner.js:1621:10)\n    at Promise._settlePromises (https://www.demoblaze.com/__cypress/runner/cypress_runner.js:1701:18)\n    at Promise._fulfill (https://www.demoblaze.com/__cypress/runner/cypress_runner.js:1645:18)\n    at <unknown> (https://www.demoblaze.com/__cypress/runner/cypress_runner.js:5450:46)\nFrom Your Spec Code:\n    at HomePageAPI.waitForEntriesRequest (webpack://cypress_project/./cypress/support/HomePageAPI.js:15:11)\n    at HomePageAPI.waitForHomePageLoad (webpack://cypress_project/./cypress/support/HomePageAPI.js:10:13)\n    at HomePageAPI.getHomePageProducts (webpack://cypress_project/./cypress/support/HomePageAPI.js:3:13)\n    at Context.eval (webpack://cypress_project/./cypress/tests/DemoBlazeTest/ProductDetailTest.js:11:20)",
                "diff": null
              },
              "uuid": "0db56206-90f9-4dac-b3d2-5f6c3c578949",
              "parentUUID": "350961ca-9a48-42fa-a7cb-4e6f674b8ee2",
              "isHook": false,
              "skipped": false
            }
          ],
          "suites": [],
          "passes": [],
          "failures": [
            "0db56206-90f9-4dac-b3d2-5f6c3c578949"
          ],
          "pending": [],
          "skipped": [],
          "duration": 7508,
          "root": false,
          "rootEmpty": false,
          "_timeout": 2000
        }
      ],
      "passes": [],
      "failures": [],
      "pending": [],
      "skipped": [],
      "duration": 0,
      "root": true,
      "rootEmpty": true,
      "_timeout": 2000
    },
    {
      "uuid": "da9c0eaa-42f1-4448-a889-d1fdd77515d9",
      "title": "",
      "fullFile": "cypress\\tests\\DemoBlazeTest\\SignUpTest.js",
      "file": "cypress\\tests\\DemoBlazeTest\\SignUpTest.js",
      "beforeHooks": [],
      "afterHooks": [],
      "tests": [],
      "suites": [
        {
          "uuid": "cb768fcc-8263-4226-8810-df73ffb87c6e",
          "title": "Login test",
          "fullFile": "",
          "file": "",
          "beforeHooks": [],
          "afterHooks": [],
          "tests": [
            {
              "title": "Should be able to sign up with correct credential",
              "fullTitle": "Login test Should be able to sign up with correct credential",
              "timedOut": null,
              "duration": 2046,
              "state": "passed",
              "speed": "fast",
              "pass": true,
              "fail": false,
              "pending": false,
              "context": null,
              "code": "headerCmp.signUpLink().click();\nsignUpCmp.getUsername().type(SIGNUP_ACCOUNT.username, {\n  force: true,\n  waitForAnimation: true\n});\nsignUpCmp.getPassword().type(SIGNUP_ACCOUNT.password, {\n  force: true,\n  waitForAnimation: true\n});\nsignUpCmp.getSignUpBtn().click();\ncy.on(\"window:alert\", alert => {\n  expect(alert).to.equal(\"Sign up successful.\");\n});",
              "err": {},
              "uuid": "c5d10596-7994-430c-ba21-a1122a465845",
              "parentUUID": "cb768fcc-8263-4226-8810-df73ffb87c6e",
              "isHook": false,
              "skipped": false
            },
            {
              "title": "Should be able to sign up fail with exist account",
              "fullTitle": "Login test Should be able to sign up fail with exist account",
              "timedOut": null,
              "duration": 1806,
              "state": "passed",
              "speed": "fast",
              "pass": true,
              "fail": false,
              "pending": false,
              "context": null,
              "code": "headerCmp.signUpLink().click();\nsignUpCmp.getUsername().type('tun', {\n  force: true,\n  waitForAnimation: true\n});\nsignUpCmp.getPassword().type('admin', {\n  force: true,\n  waitForAnimation: true\n});\nsignUpCmp.getSignUpBtn().click();\ncy.on(\"window:alert\", alert => {\n  expect(alert).to.equal(\"This user already exist.\");\n});",
              "err": {},
              "uuid": "eb3c670d-3f48-4424-8919-33a73ce6e736",
              "parentUUID": "cb768fcc-8263-4226-8810-df73ffb87c6e",
              "isHook": false,
              "skipped": false
            },
            {
              "title": "Should be able to signup fail with empty username",
              "fullTitle": "Login test Should be able to signup fail with empty username",
              "timedOut": null,
              "duration": 911,
              "state": "passed",
              "speed": "fast",
              "pass": true,
              "fail": false,
              "pending": false,
              "context": null,
              "code": "headerCmp.signUpLink().click();\nsignUpCmp.getUsername().type(' ', {\n  force: true,\n  waitForAnimation: true\n});\nsignUpCmp.getPassword().type('admin', {\n  force: true,\n  waitForAnimation: true\n});\nsignUpCmp.getSignUpBtn().click();\ncy.on(\"window:alert\", alert => {\n  expect(alert).to.equal(\"Please fill out Username and Password.\");\n});",
              "err": {},
              "uuid": "700e3aa2-a6f4-4dd3-bee7-e5097c8a4373",
              "parentUUID": "cb768fcc-8263-4226-8810-df73ffb87c6e",
              "isHook": false,
              "skipped": false
            }
          ],
          "suites": [],
          "passes": [
            "c5d10596-7994-430c-ba21-a1122a465845",
            "eb3c670d-3f48-4424-8919-33a73ce6e736",
            "700e3aa2-a6f4-4dd3-bee7-e5097c8a4373"
          ],
          "failures": [],
          "pending": [],
          "skipped": [],
          "duration": 4763,
          "root": false,
          "rootEmpty": false,
          "_timeout": 2000
        }
      ],
      "passes": [],
      "failures": [],
      "pending": [],
      "skipped": [],
      "duration": 0,
      "root": true,
      "rootEmpty": true,
      "_timeout": 2000
    },
    {
      "uuid": "e8ed6736-1215-480a-801a-393bc86f6633",
      "title": "",
      "fullFile": "cypress\\tests\\DemoBlazeTest\\CategoryTest.js",
      "file": "cypress\\tests\\DemoBlazeTest\\CategoryTest.js",
      "beforeHooks": [],
      "afterHooks": [],
      "tests": [],
      "suites": [
        {
          "uuid": "13f4b081-9c9e-4a36-9f0d-97349e891024",
          "title": "Homepage Category Test",
          "fullFile": "",
          "file": "",
          "beforeHooks": [],
          "afterHooks": [],
          "tests": [
            {
              "title": "Test phone Category",
              "fullTitle": "Homepage Category Test Test phone Category",
              "timedOut": null,
              "duration": 6262,
              "state": "passed",
              "speed": "medium",
              "pass": true,
              "fail": false,
              "pending": false,
              "context": null,
              "code": "verifyCategoryFilterBy(productName);",
              "err": {},
              "uuid": "18b113fe-3101-44c7-bd02-21b808fe8f0c",
              "parentUUID": "13f4b081-9c9e-4a36-9f0d-97349e891024",
              "isHook": false,
              "skipped": false
            },
            {
              "title": "Test notebook Category",
              "fullTitle": "Homepage Category Test Test notebook Category",
              "timedOut": null,
              "duration": 6147,
              "state": "passed",
              "speed": "medium",
              "pass": true,
              "fail": false,
              "pending": false,
              "context": null,
              "code": "verifyCategoryFilterBy(productName);",
              "err": {},
              "uuid": "4c2989a0-4073-42fb-b35d-88b5ee66d4d5",
              "parentUUID": "13f4b081-9c9e-4a36-9f0d-97349e891024",
              "isHook": false,
              "skipped": false
            },
            {
              "title": "Test monitor Category",
              "fullTitle": "Homepage Category Test Test monitor Category",
              "timedOut": null,
              "duration": 6796,
              "state": "passed",
              "speed": "medium",
              "pass": true,
              "fail": false,
              "pending": false,
              "context": null,
              "code": "verifyCategoryFilterBy(productName);",
              "err": {},
              "uuid": "03b8fb1f-1b75-4b4b-9e60-63da7d5cbacd",
              "parentUUID": "13f4b081-9c9e-4a36-9f0d-97349e891024",
              "isHook": false,
              "skipped": false
            }
          ],
          "suites": [],
          "passes": [
            "18b113fe-3101-44c7-bd02-21b808fe8f0c",
            "4c2989a0-4073-42fb-b35d-88b5ee66d4d5",
            "03b8fb1f-1b75-4b4b-9e60-63da7d5cbacd"
          ],
          "failures": [],
          "pending": [],
          "skipped": [],
          "duration": 19205,
          "root": false,
          "rootEmpty": false,
          "_timeout": 2000
        }
      ],
      "passes": [],
      "failures": [],
      "pending": [],
      "skipped": [],
      "duration": 0,
      "root": true,
      "rootEmpty": true,
      "_timeout": 2000
    }
  ],
  "meta": {
    "mocha": {
      "version": "7.0.1"
    },
    "mochawesome": {
      "options": {
        "quiet": false,
        "reportFilename": "mochawesome",
        "saveHtml": false,
        "saveJson": true,
        "consoleReporter": "spec",
        "useInlineDiffs": false,
        "code": true
      },
      "version": "7.1.3"
    },
    "marge": {
      "options": {
        "reportDir": "results",
        "overwrite": false,
        "html": false,
        "json": true
      },
      "version": "6.2.0"
    }
  }
}