{
  "stats": {
    "suites": 1,
    "tests": 2,
    "passes": 2,
    "pending": 0,
    "failures": 0,
    "start": "2024-09-04T04:44:30.300Z",
    "end": "2024-09-04T04:44:31.873Z",
    "duration": 1573,
    "testsRegistered": 2,
    "passPercent": 100,
    "pendingPercent": 0,
    "other": 0,
    "hasOther": false,
    "skipped": 0,
    "hasSkipped": false
  },
  "results": [
    {
      "uuid": "407dffdf-5d61-4118-96e2-3be0177f366a",
      "title": "",
      "fullFile": "cypress\\tests\\DemoBlazeTest\\HeaderTest.js",
      "file": "cypress\\tests\\DemoBlazeTest\\HeaderTest.js",
      "beforeHooks": [],
      "afterHooks": [],
      "tests": [],
      "suites": [
        {
          "uuid": "d174cbbe-47fa-43f6-81a5-4f02d97fe438",
          "title": "Header Component test",
          "fullFile": "",
          "file": "",
          "beforeHooks": [],
          "afterHooks": [],
          "tests": [
            {
              "title": "Test for brand logo",
              "fullTitle": "Header Component test Test for brand logo",
              "timedOut": null,
              "duration": 1314,
              "state": "passed",
              "speed": "fast",
              "pass": true,
              "fail": false,
              "pending": false,
              "context": null,
              "code": "header.brandLogo().should('be.visible');\nheader.brandLogo().should('contain.text', BRAND_TEXT);",
              "err": {},
              "uuid": "7a96a2c4-4b52-4a37-b058-467333efd887",
              "parentUUID": "d174cbbe-47fa-43f6-81a5-4f02d97fe438",
              "isHook": false,
              "skipped": false
            },
            {
              "title": "Test for header menu",
              "fullTitle": "Header Component test Test for header menu",
              "timedOut": null,
              "duration": 186,
              "state": "passed",
              "speed": "fast",
              "pass": true,
              "fail": false,
              "pending": false,
              "context": null,
              "code": "// const expectedResult = [{\n//     \"text\":\"Home (current)\",\"href\":\"index.html\"},\n//     {\"text\":\"Contact\",\"href\":\"#\"},\n//     {\"text\":\"About us\",\"href\":\"#\"},\n//     {\"text\":\"Cart\",\"href\":\"cart.html\"},\n//     {\"text\":\"Log in\",\"href\":\"#\"},\n//     {\"text\":\"Sign up\",\"href\":\"#\"}]\nheader.getMenuDetail().then($actualResult => {\n  cy.wrap('').then(() => {\n    expect($actualResult).to.be.deep.equal(_nav_bar.default);\n  });\n});",
              "err": {},
              "uuid": "c00fa48c-0b86-4dac-8fd9-a9fe0a0994bc",
              "parentUUID": "d174cbbe-47fa-43f6-81a5-4f02d97fe438",
              "isHook": false,
              "skipped": false
            }
          ],
          "suites": [],
          "passes": [
            "7a96a2c4-4b52-4a37-b058-467333efd887",
            "c00fa48c-0b86-4dac-8fd9-a9fe0a0994bc"
          ],
          "failures": [],
          "pending": [],
          "skipped": [],
          "duration": 1500,
          "root": false,
          "rootEmpty": false,
          "_timeout": 2000
        }
      ],
      "passes": [],
      "failures": [],
      "pending": [],
      "skipped": [],
      "duration": 0,
      "root": true,
      "rootEmpty": true,
      "_timeout": 2000
    }
  ],
  "meta": {
    "mocha": {
      "version": "7.0.1"
    },
    "mochawesome": {
      "options": {
        "quiet": false,
        "reportFilename": "mochawesome",
        "saveHtml": false,
        "saveJson": true,
        "consoleReporter": "spec",
        "useInlineDiffs": false,
        "code": true
      },
      "version": "7.1.3"
    },
    "marge": {
      "options": {
        "reportDir": "results",
        "overwrite": false,
        "html": false,
        "json": true
      },
      "version": "6.2.0"
    }
  }
}