{
  "stats": {
    "suites": 1,
    "tests": 3,
    "passes": 3,
    "pending": 0,
    "failures": 0,
    "start": "2024-09-04T04:44:50.035Z",
    "end": "2024-09-04T04:44:54.092Z",
    "duration": 4057,
    "testsRegistered": 3,
    "passPercent": 100,
    "pendingPercent": 0,
    "other": 0,
    "hasOther": false,
    "skipped": 0,
    "hasSkipped": false
  },
  "results": [
    {
      "uuid": "c3519de6-4078-4acb-8ac7-d61c5cede08b",
      "title": "",
      "fullFile": "cypress\\tests\\DemoBlazeTest\\SignUpTest.js",
      "file": "cypress\\tests\\DemoBlazeTest\\SignUpTest.js",
      "beforeHooks": [],
      "afterHooks": [],
      "tests": [],
      "suites": [
        {
          "uuid": "c48fab43-2015-4fa0-ad5e-5658ced6d0ec",
          "title": "Login test",
          "fullFile": "",
          "file": "",
          "beforeHooks": [],
          "afterHooks": [],
          "tests": [
            {
              "title": "Should be able to sign up with correct credential",
              "fullTitle": "Login test Should be able to sign up with correct credential",
              "timedOut": null,
              "duration": 1894,
              "state": "passed",
              "speed": "fast",
              "pass": true,
              "fail": false,
              "pending": false,
              "context": null,
              "code": "headerCmp.signUpLink().click();\nsignUpCmp.getUsername().type(SIGNUP_ACCOUNT.username, {\n  force: true,\n  waitForAnimation: true\n});\nsignUpCmp.getPassword().type(SIGNUP_ACCOUNT.password, {\n  force: true,\n  waitForAnimation: true\n});\nsignUpCmp.getSignUpBtn().click();\ncy.on(\"window:alert\", alert => {\n  expect(alert).to.equal(\"Sign up successful.\");\n});",
              "err": {},
              "uuid": "f57f7607-6c52-46ae-8e38-2250bce9b05d",
              "parentUUID": "c48fab43-2015-4fa0-ad5e-5658ced6d0ec",
              "isHook": false,
              "skipped": false
            },
            {
              "title": "Should be able to sign up fail with exist account",
              "fullTitle": "Login test Should be able to sign up fail with exist account",
              "timedOut": null,
              "duration": 1437,
              "state": "passed",
              "speed": "fast",
              "pass": true,
              "fail": false,
              "pending": false,
              "context": null,
              "code": "headerCmp.signUpLink().click();\nsignUpCmp.getUsername().type('tun', {\n  force: true,\n  waitForAnimation: true\n});\nsignUpCmp.getPassword().type('admin', {\n  force: true,\n  waitForAnimation: true\n});\nsignUpCmp.getSignUpBtn().click();\ncy.on(\"window:alert\", alert => {\n  expect(alert).to.equal(\"This user already exist.\");\n});",
              "err": {},
              "uuid": "911ce139-e61f-4216-8f8f-7f7e74d51f9d",
              "parentUUID": "c48fab43-2015-4fa0-ad5e-5658ced6d0ec",
              "isHook": false,
              "skipped": false
            },
            {
              "title": "Should be able to signup fail with empty username",
              "fullTitle": "Login test Should be able to signup fail with empty username",
              "timedOut": null,
              "duration": 604,
              "state": "passed",
              "speed": "fast",
              "pass": true,
              "fail": false,
              "pending": false,
              "context": null,
              "code": "headerCmp.signUpLink().click();\nsignUpCmp.getUsername().type(' ', {\n  force: true,\n  waitForAnimation: true\n});\nsignUpCmp.getPassword().type('admin', {\n  force: true,\n  waitForAnimation: true\n});\nsignUpCmp.getSignUpBtn().click();\ncy.on(\"window:alert\", alert => {\n  expect(alert).to.equal(\"Please fill out Username and Password.\");\n});",
              "err": {},
              "uuid": "29327204-5c1d-43ec-830b-b55e97aaf253",
              "parentUUID": "c48fab43-2015-4fa0-ad5e-5658ced6d0ec",
              "isHook": false,
              "skipped": false
            }
          ],
          "suites": [],
          "passes": [
            "f57f7607-6c52-46ae-8e38-2250bce9b05d",
            "911ce139-e61f-4216-8f8f-7f7e74d51f9d",
            "29327204-5c1d-43ec-830b-b55e97aaf253"
          ],
          "failures": [],
          "pending": [],
          "skipped": [],
          "duration": 3935,
          "root": false,
          "rootEmpty": false,
          "_timeout": 2000
        }
      ],
      "passes": [],
      "failures": [],
      "pending": [],
      "skipped": [],
      "duration": 0,
      "root": true,
      "rootEmpty": true,
      "_timeout": 2000
    }
  ],
  "meta": {
    "mocha": {
      "version": "7.0.1"
    },
    "mochawesome": {
      "options": {
        "quiet": false,
        "reportFilename": "mochawesome",
        "saveHtml": false,
        "saveJson": true,
        "consoleReporter": "spec",
        "useInlineDiffs": false,
        "code": true
      },
      "version": "7.1.3"
    },
    "marge": {
      "options": {
        "reportDir": "results",
        "overwrite": false,
        "html": false,
        "json": true
      },
      "version": "6.2.0"
    }
  }
}