{
  "stats": {
    "suites": 1,
    "tests": 1,
    "passes": 1,
    "pending": 0,
    "failures": 0,
    "start": "2024-09-04T04:44:26.195Z",
    "end": "2024-09-04T04:44:27.574Z",
    "duration": 1379,
    "testsRegistered": 1,
    "passPercent": 100,
    "pendingPercent": 0,
    "other": 0,
    "hasOther": false,
    "skipped": 0,
    "hasSkipped": false
  },
  "results": [
    {
      "uuid": "5f8411f3-3fe5-4ccd-a09d-d7f3cabe3adf",
      "title": "",
      "fullFile": "cypress\\tests\\DemoBlazeTest\\FooterTest.js",
      "file": "cypress\\tests\\DemoBlazeTest\\FooterTest.js",
      "beforeHooks": [],
      "afterHooks": [],
      "tests": [],
      "suites": [
        {
          "uuid": "94e66335-6459-4f49-aafe-beec649b4753",
          "title": "Footer Component test",
          "fullFile": "",
          "file": "",
          "beforeHooks": [],
          "afterHooks": [],
          "tests": [
            {
              "title": "Test for Contact Us footer",
              "fullTitle": "Footer Component test Test for Contact Us footer",
              "timedOut": null,
              "duration": 1343,
              "state": "passed",
              "speed": "fast",
              "pass": true,
              "fail": false,
              "pending": false,
              "context": null,
              "code": "footerComp.getContactUsData().then($actualData => {\n  cy.log('Contact Us Data:', $actualData);\n  // cy.wrap('').then(()=> {\n  //     expect($actualData).to.equal(expectedResult)\n  // });\n});",
              "err": {},
              "uuid": "c67403f2-7fbf-454b-bd2a-814cd6e0cc3f",
              "parentUUID": "94e66335-6459-4f49-aafe-beec649b4753",
              "isHook": false,
              "skipped": false
            }
          ],
          "suites": [],
          "passes": [
            "c67403f2-7fbf-454b-bd2a-814cd6e0cc3f"
          ],
          "failures": [],
          "pending": [],
          "skipped": [],
          "duration": 1343,
          "root": false,
          "rootEmpty": false,
          "_timeout": 2000
        }
      ],
      "passes": [],
      "failures": [],
      "pending": [],
      "skipped": [],
      "duration": 0,
      "root": true,
      "rootEmpty": true,
      "_timeout": 2000
    }
  ],
  "meta": {
    "mocha": {
      "version": "7.0.1"
    },
    "mochawesome": {
      "options": {
        "quiet": false,
        "reportFilename": "mochawesome",
        "saveHtml": false,
        "saveJson": true,
        "consoleReporter": "spec",
        "useInlineDiffs": false,
        "code": true
      },
      "version": "7.1.3"
    },
    "marge": {
      "options": {
        "reportDir": "results",
        "overwrite": false,
        "html": false,
        "json": true
      },
      "version": "6.2.0"
    }
  }
}