{
  "stats": {
    "suites": 1,
    "tests": 1,
    "passes": 1,
    "pending": 0,
    "failures": 0,
    "start": "2024-09-04T04:44:43.507Z",
    "end": "2024-09-04T04:44:48.182Z",
    "duration": 4675,
    "testsRegistered": 1,
    "passPercent": 100,
    "pendingPercent": 0,
    "other": 0,
    "hasOther": false,
    "skipped": 0,
    "hasSkipped": false
  },
  "results": [
    {
      "uuid": "f3595837-4cda-4d7a-9183-79e34d123c06",
      "title": "",
      "fullFile": "cypress\\tests\\DemoBlazeTest\\ProductDetailTest.js",
      "file": "cypress\\tests\\DemoBlazeTest\\ProductDetailTest.js",
      "beforeHooks": [],
      "afterHooks": [],
      "tests": [],
      "suites": [
        {
          "uuid": "b3075166-0e9e-423e-a857-dc3b12c8a2a1",
          "title": "Product Detail Component test",
          "fullFile": "",
          "file": "",
          "beforeHooks": [],
          "afterHooks": [],
          "tests": [
            {
              "title": "Should be able to verify product details",
              "fullTitle": "Product Detail Component test Should be able to verify product details",
              "timedOut": null,
              "duration": 4618,
              "state": "passed",
              "speed": "fast",
              "pass": true,
              "fail": false,
              "pending": false,
              "context": null,
              "code": "_HomePageAPI.HomePageAPI.getHomePageProducts().then(hpAPIProducts => {\n  const randomProduct = hpAPIProducts[Math.floor(Math.random() * hpAPIProducts.length)];\n  cy.contains(randomProduct.title.trim().replace(\"\\n\", \"\")).click();\n  const productDetail = new _ProductDetailComponent.default();\n  productDetail.getProductImg().should('be.visible');\n  productDetail.getProductName().should(\"contains.text\", randomProduct.title);\n  productDetail.getProductPrice().should(\"contains.text\", `$${randomProduct.price}`);\n  productDetail.getProductDescription().should(\"not.be.empty\");\n});",
              "err": {},
              "uuid": "1993be87-c17a-4eb7-b32b-b66f9a7c70e3",
              "parentUUID": "b3075166-0e9e-423e-a857-dc3b12c8a2a1",
              "isHook": false,
              "skipped": false
            }
          ],
          "suites": [],
          "passes": [
            "1993be87-c17a-4eb7-b32b-b66f9a7c70e3"
          ],
          "failures": [],
          "pending": [],
          "skipped": [],
          "duration": 4618,
          "root": false,
          "rootEmpty": false,
          "_timeout": 2000
        }
      ],
      "passes": [],
      "failures": [],
      "pending": [],
      "skipped": [],
      "duration": 0,
      "root": true,
      "rootEmpty": true,
      "_timeout": 2000
    }
  ],
  "meta": {
    "mocha": {
      "version": "7.0.1"
    },
    "mochawesome": {
      "options": {
        "quiet": false,
        "reportFilename": "mochawesome",
        "saveHtml": false,
        "saveJson": true,
        "consoleReporter": "spec",
        "useInlineDiffs": false,
        "code": true
      },
      "version": "7.1.3"
    },
    "marge": {
      "options": {
        "reportDir": "results",
        "overwrite": false,
        "html": false,
        "json": true
      },
      "version": "6.2.0"
    }
  }
}