{
  "stats": {
    "suites": 1,
    "tests": 2,
    "passes": 0,
    "pending": 0,
    "failures": 2,
    "start": "2024-09-04T04:44:10.982Z",
    "end": "2024-09-04T04:44:24.571Z",
    "duration": 13589,
    "testsRegistered": 2,
    "passPercent": 0,
    "pendingPercent": 0,
    "other": 0,
    "hasOther": false,
    "skipped": 0,
    "hasSkipped": false
  },
  "results": [
    {
      "uuid": "45512848-896e-43ec-b245-37d56d63b519",
      "title": "",
      "fullFile": "cypress\\tests\\DemoBlazeTest\\End2End_OrderProduct.js",
      "file": "cypress\\tests\\DemoBlazeTest\\End2End_OrderProduct.js",
      "beforeHooks": [],
      "afterHooks": [],
      "tests": [],
      "suites": [
        {
          "uuid": "f6d79dfd-521e-4b2e-b1bf-5553fb235286",
          "title": "Order product test",
          "fullFile": "",
          "file": "",
          "beforeHooks": [],
          "afterHooks": [],
          "tests": [
            {
              "title": "Order item as guest",
              "fullTitle": "Order product test Order item as guest",
              "timedOut": null,
              "duration": 6603,
              "state": "failed",
              "speed": null,
              "pass": false,
              "fail": true,
              "pending": false,
              "context": null,
              "code": "purchaseItem();",
              "err": {
                "message": "CypressError: Timed out retrying after 5000ms: `cy.wait()` timed out waiting `5000ms` for the 1st request to the route: `entries`. No request ever occurred.\n\nhttps://on.cypress.io/wait",
                "estack": "CypressError: Timed out retrying after 5000ms: `cy.wait()` timed out waiting `5000ms` for the 1st request to the route: `entries`. No request ever occurred.\n\nhttps://on.cypress.io/wait\n    at cypressErr (https://www.demoblaze.com/__cypress/runner/cypress_runner.js:76022:18)\n    at Object.errByPath (https://www.demoblaze.com/__cypress/runner/cypress_runner.js:76076:10)\n    at checkForXhr (https://www.demoblaze.com/__cypress/runner/cypress_runner.js:135659:84)\n    at <unknown> (https://www.demoblaze.com/__cypress/runner/cypress_runner.js:135685:28)\n    at tryCatcher (https://www.demoblaze.com/__cypress/runner/cypress_runner.js:1807:23)\n    at Promise.attempt.Promise.try (https://www.demoblaze.com/__cypress/runner/cypress_runner.js:4315:29)\n    at whenStable (https://www.demoblaze.com/__cypress/runner/cypress_runner.js:144061:68)\n    at <unknown> (https://www.demoblaze.com/__cypress/runner/cypress_runner.js:144002:14)\n    at tryCatcher (https://www.demoblaze.com/__cypress/runner/cypress_runner.js:1807:23)\n    at Promise._settlePromiseFromHandler (https://www.demoblaze.com/__cypress/runner/cypress_runner.js:1519:31)\n    at Promise._settlePromise (https://www.demoblaze.com/__cypress/runner/cypress_runner.js:1576:18)\n    at Promise._settlePromise0 (https://www.demoblaze.com/__cypress/runner/cypress_runner.js:1621:10)\n    at Promise._settlePromises (https://www.demoblaze.com/__cypress/runner/cypress_runner.js:1701:18)\n    at Promise._fulfill (https://www.demoblaze.com/__cypress/runner/cypress_runner.js:1645:18)\n    at <unknown> (https://www.demoblaze.com/__cypress/runner/cypress_runner.js:5450:46)\nFrom Your Spec Code:\n    at HomePageAPI.waitForEntriesRequest (webpack://cypress_project/./cypress/support/HomePageAPI.js:15:11)\n    at HomePageAPI.waitForHomePageLoad (webpack://cypress_project/./cypress/support/HomePageAPI.js:10:13)\n    at HomePageAPI.getHomePageProducts (webpack://cypress_project/./cypress/support/HomePageAPI.js:3:13)\n    at purchaseItem (webpack://cypress_project/./cypress/tests/DemoBlazeTest/End2End_OrderProduct.js:28:16)\n    at Context.eval (webpack://cypress_project/./cypress/tests/DemoBlazeTest/End2End_OrderProduct.js:16:8)",
                "diff": null
              },
              "uuid": "3bc5ef05-9d89-4763-98a8-33b802853c3b",
              "parentUUID": "f6d79dfd-521e-4b2e-b1bf-5553fb235286",
              "isHook": false,
              "skipped": false
            },
            {
              "title": "Order item as logged user",
              "fullTitle": "Order product test Order item as logged user",
              "timedOut": null,
              "duration": 6870,
              "state": "failed",
              "speed": null,
              "pass": false,
              "fail": true,
              "pending": false,
              "context": null,
              "code": "//Login\ncy.login(LOGIN_ACCOUNT.username, LOGIN_ACCOUNT.password);\npurchaseItem();",
              "err": {
                "message": "CypressError: Timed out retrying after 5000ms: `cy.wait()` timed out waiting `5000ms` for the 1st request to the route: `entries`. No request ever occurred.\n\nhttps://on.cypress.io/wait",
                "estack": "CypressError: Timed out retrying after 5000ms: `cy.wait()` timed out waiting `5000ms` for the 1st request to the route: `entries`. No request ever occurred.\n\nhttps://on.cypress.io/wait\n    at cypressErr (https://www.demoblaze.com/__cypress/runner/cypress_runner.js:76022:18)\n    at Object.errByPath (https://www.demoblaze.com/__cypress/runner/cypress_runner.js:76076:10)\n    at checkForXhr (https://www.demoblaze.com/__cypress/runner/cypress_runner.js:135659:84)\n    at <unknown> (https://www.demoblaze.com/__cypress/runner/cypress_runner.js:135685:28)\n    at tryCatcher (https://www.demoblaze.com/__cypress/runner/cypress_runner.js:1807:23)\n    at Promise.attempt.Promise.try (https://www.demoblaze.com/__cypress/runner/cypress_runner.js:4315:29)\n    at whenStable (https://www.demoblaze.com/__cypress/runner/cypress_runner.js:144061:68)\n    at <unknown> (https://www.demoblaze.com/__cypress/runner/cypress_runner.js:144002:14)\n    at tryCatcher (https://www.demoblaze.com/__cypress/runner/cypress_runner.js:1807:23)\n    at Promise._settlePromiseFromHandler (https://www.demoblaze.com/__cypress/runner/cypress_runner.js:1519:31)\n    at Promise._settlePromise (https://www.demoblaze.com/__cypress/runner/cypress_runner.js:1576:18)\n    at Promise._settlePromise0 (https://www.demoblaze.com/__cypress/runner/cypress_runner.js:1621:10)\n    at Promise._settlePromises (https://www.demoblaze.com/__cypress/runner/cypress_runner.js:1701:18)\n    at Promise._fulfill (https://www.demoblaze.com/__cypress/runner/cypress_runner.js:1645:18)\n    at <unknown> (https://www.demoblaze.com/__cypress/runner/cypress_runner.js:5450:46)\nFrom Your Spec Code:\n    at HomePageAPI.waitForEntriesRequest (webpack://cypress_project/./cypress/support/HomePageAPI.js:15:11)\n    at HomePageAPI.waitForHomePageLoad (webpack://cypress_project/./cypress/support/HomePageAPI.js:10:13)\n    at HomePageAPI.getHomePageProducts (webpack://cypress_project/./cypress/support/HomePageAPI.js:3:13)\n    at purchaseItem (webpack://cypress_project/./cypress/tests/DemoBlazeTest/End2End_OrderProduct.js:28:16)\n    at Context.eval (webpack://cypress_project/./cypress/tests/DemoBlazeTest/End2End_OrderProduct.js:22:8)",
                "diff": null
              },
              "uuid": "4b1ead77-99b7-42c0-a223-8a8c12e7af9a",
              "parentUUID": "f6d79dfd-521e-4b2e-b1bf-5553fb235286",
              "isHook": false,
              "skipped": false
            }
          ],
          "suites": [],
          "passes": [],
          "failures": [
            "3bc5ef05-9d89-4763-98a8-33b802853c3b",
            "4b1ead77-99b7-42c0-a223-8a8c12e7af9a"
          ],
          "pending": [],
          "skipped": [],
          "duration": 13473,
          "root": false,
          "rootEmpty": false,
          "_timeout": 2000
        }
      ],
      "passes": [],
      "failures": [],
      "pending": [],
      "skipped": [],
      "duration": 0,
      "root": true,
      "rootEmpty": true,
      "_timeout": 2000
    }
  ],
  "meta": {
    "mocha": {
      "version": "7.0.1"
    },
    "mochawesome": {
      "options": {
        "quiet": false,
        "reportFilename": "mochawesome",
        "saveHtml": false,
        "saveJson": true,
        "consoleReporter": "spec",
        "useInlineDiffs": false,
        "code": true
      },
      "version": "7.1.3"
    },
    "marge": {
      "options": {
        "reportDir": "results",
        "overwrite": false,
        "html": false,
        "json": true
      },
      "version": "6.2.0"
    }
  }
}