{
  "stats": {
    "suites": 1,
    "tests": 3,
    "passes": 3,
    "pending": 0,
    "failures": 0,
    "start": "2024-09-04T04:41:29.016Z",
    "end": "2024-09-04T04:41:33.166Z",
    "duration": 4150,
    "testsRegistered": 3,
    "passPercent": 100,
    "pendingPercent": 0,
    "other": 0,
    "hasOther": false,
    "skipped": 0,
    "hasSkipped": false
  },
  "results": [
    {
      "uuid": "3aa00a09-0300-4646-a34f-3d2fed8331eb",
      "title": "",
      "fullFile": "cypress\\tests\\DemoBlazeTest\\SignUpTest.js",
      "file": "cypress\\tests\\DemoBlazeTest\\SignUpTest.js",
      "beforeHooks": [],
      "afterHooks": [],
      "tests": [],
      "suites": [
        {
          "uuid": "6403cc62-2d7e-4c7f-94aa-0c09ffc00c11",
          "title": "Login test",
          "fullFile": "",
          "file": "",
          "beforeHooks": [],
          "afterHooks": [],
          "tests": [
            {
              "title": "Should be able to sign up with correct credential",
              "fullTitle": "Login test Should be able to sign up with correct credential",
              "timedOut": null,
              "duration": 2165,
              "state": "passed",
              "speed": "fast",
              "pass": true,
              "fail": false,
              "pending": false,
              "context": null,
              "code": "headerCmp.signUpLink().click();\nsignUpCmp.getUsername().type(SIGNUP_ACCOUNT.username, {\n  force: true,\n  waitForAnimation: true\n});\nsignUpCmp.getPassword().type(SIGNUP_ACCOUNT.password, {\n  force: true,\n  waitForAnimation: true\n});\nsignUpCmp.getSignUpBtn().click();\ncy.on(\"window:alert\", alert => {\n  expect(alert).to.equal(\"Sign up successful.\");\n});",
              "err": {},
              "uuid": "090ea74f-3c93-4149-89db-bbe5ebfdb916",
              "parentUUID": "6403cc62-2d7e-4c7f-94aa-0c09ffc00c11",
              "isHook": false,
              "skipped": false
            },
            {
              "title": "Should be able to sign up fail with exist account",
              "fullTitle": "Login test Should be able to sign up fail with exist account",
              "timedOut": null,
              "duration": 938,
              "state": "passed",
              "speed": "fast",
              "pass": true,
              "fail": false,
              "pending": false,
              "context": null,
              "code": "headerCmp.signUpLink().click();\nsignUpCmp.getUsername().type('tun', {\n  force: true,\n  waitForAnimation: true\n});\nsignUpCmp.getPassword().type('admin', {\n  force: true,\n  waitForAnimation: true\n});\nsignUpCmp.getSignUpBtn().click();\ncy.on(\"window:alert\", alert => {\n  expect(alert).to.equal(\"This user already exist.\");\n});",
              "err": {},
              "uuid": "a1de2501-5928-409c-a433-f5ba8986a114",
              "parentUUID": "6403cc62-2d7e-4c7f-94aa-0c09ffc00c11",
              "isHook": false,
              "skipped": false
            },
            {
              "title": "Should be able to signup fail with empty username",
              "fullTitle": "Login test Should be able to signup fail with empty username",
              "timedOut": null,
              "duration": 890,
              "state": "passed",
              "speed": "fast",
              "pass": true,
              "fail": false,
              "pending": false,
              "context": null,
              "code": "headerCmp.signUpLink().click();\nsignUpCmp.getUsername().type(' ', {\n  force: true,\n  waitForAnimation: true\n});\nsignUpCmp.getPassword().type('admin', {\n  force: true,\n  waitForAnimation: true\n});\nsignUpCmp.getSignUpBtn().click();\ncy.on(\"window:alert\", alert => {\n  expect(alert).to.equal(\"Please fill out Username and Password.\");\n});",
              "err": {},
              "uuid": "b8681477-dcce-4913-8cf1-dc05d7990eea",
              "parentUUID": "6403cc62-2d7e-4c7f-94aa-0c09ffc00c11",
              "isHook": false,
              "skipped": false
            }
          ],
          "suites": [],
          "passes": [
            "090ea74f-3c93-4149-89db-bbe5ebfdb916",
            "a1de2501-5928-409c-a433-f5ba8986a114",
            "b8681477-dcce-4913-8cf1-dc05d7990eea"
          ],
          "failures": [],
          "pending": [],
          "skipped": [],
          "duration": 3993,
          "root": false,
          "rootEmpty": false,
          "_timeout": 2000
        }
      ],
      "passes": [],
      "failures": [],
      "pending": [],
      "skipped": [],
      "duration": 0,
      "root": true,
      "rootEmpty": true,
      "_timeout": 2000
    }
  ],
  "meta": {
    "mocha": {
      "version": "7.0.1"
    },
    "mochawesome": {
      "options": {
        "quiet": false,
        "reportFilename": "mochawesome",
        "saveHtml": true,
        "saveJson": true,
        "consoleReporter": "spec",
        "useInlineDiffs": false,
        "code": true
      },
      "version": "7.1.3"
    },
    "marge": {
      "options": null,
      "version": "6.2.0"
    }
  }
}